c:\users\asus gm501\desktop\new folder (2)\game3015_assignment2_phupham\game3015_assignment2_phupham\x64\debug\vc142.pdb
c:\users\asus gm501\desktop\new folder (2)\game3015_assignment2_phupham\game3015_assignment2_phupham\x64\debug\vc142.idb
c:\users\asus gm501\desktop\new folder (2)\game3015_assignment2_phupham\game3015_assignment2_phupham\x64\debug\world.obj
c:\users\asus gm501\desktop\new folder (2)\game3015_assignment2_phupham\game3015_assignment2_phupham\x64\debug\scrollingground.obj
c:\users\asus gm501\desktop\new folder (2)\game3015_assignment2_phupham\game3015_assignment2_phupham\x64\debug\scenenode.obj
c:\users\asus gm501\desktop\new folder (2)\game3015_assignment2_phupham\game3015_assignment2_phupham\x64\debug\player.obj
c:\users\asus gm501\desktop\new folder (2)\game3015_assignment2_phupham\game3015_assignment2_phupham\x64\debug\gameinfo.obj
c:\users\asus gm501\desktop\new folder (2)\game3015_assignment2_phupham\game3015_assignment2_phupham\x64\debug\game.obj
c:\users\asus gm501\desktop\new folder (2)\game3015_assignment2_phupham\game3015_assignment2_phupham\x64\debug\frameresource.obj
c:\users\asus gm501\desktop\new folder (2)\game3015_assignment2_phupham\game3015_assignment2_phupham\x64\debug\entity.obj
c:\users\asus gm501\desktop\new folder (2)\game3015_assignment2_phupham\game3015_assignment2_phupham\x64\debug\mathhelper.obj
c:\users\asus gm501\desktop\new folder (2)\game3015_assignment2_phupham\game3015_assignment2_phupham\x64\debug\geometrygenerator.obj
c:\users\asus gm501\desktop\new folder (2)\game3015_assignment2_phupham\game3015_assignment2_phupham\x64\debug\gametimer.obj
c:\users\asus gm501\desktop\new folder (2)\game3015_assignment2_phupham\game3015_assignment2_phupham\x64\debug\ddstextureloader.obj
c:\users\asus gm501\desktop\new folder (2)\game3015_assignment2_phupham\game3015_assignment2_phupham\x64\debug\d3dutil.obj
c:\users\asus gm501\desktop\new folder (2)\game3015_assignment2_phupham\game3015_assignment2_phupham\x64\debug\d3dapp.obj
c:\users\asus gm501\desktop\new folder (2)\game3015_assignment2_phupham\game3015_assignment2_phupham\x64\debug\camera.obj
c:\users\asus gm501\desktop\new folder (2)\game3015_assignment2_phupham\game3015_assignment2_phupham\x64\debug\commandqueue.obj
c:\users\asus gm501\desktop\new folder (2)\game3015_assignment2_phupham\game3015_assignment2_phupham\x64\debug\command.obj
c:\users\asus gm501\desktop\new folder (2)\game3015_assignment2_phupham\game3015_assignment2_phupham\x64\debug\aircraft.obj
c:\users\asus gm501\desktop\new folder (2)\game3015_assignment2_phupham\x64\debug\default.cso
c:\users\asus gm501\desktop\new folder (2)\game3015_assignment2_phupham\game3015_assignment2_phupham\x64\debug\game3015_assignment2_phupham.ilk
c:\users\asus gm501\desktop\new folder (2)\game3015_assignment2_phupham\x64\debug\game3015_assignment2_phupham.exe
c:\users\asus gm501\desktop\new folder (2)\game3015_assignment2_phupham\x64\debug\game3015_assignment2_phupham.pdb
d:\t163 - game programming\engine dev 2\game3015-a2-phupham\game3015_assignment2_phupham\x64\debug\aircraft.obj
d:\t163 - game programming\engine dev 2\game3015-a2-phupham\game3015_assignment2_phupham\x64\debug\camera.obj
d:\t163 - game programming\engine dev 2\game3015-a2-phupham\game3015_assignment2_phupham\x64\debug\command.obj
d:\t163 - game programming\engine dev 2\game3015-a2-phupham\game3015_assignment2_phupham\x64\debug\commandqueue.obj
d:\t163 - game programming\engine dev 2\game3015-a2-phupham\game3015_assignment2_phupham\x64\debug\d3dapp.obj
d:\t163 - game programming\engine dev 2\game3015-a2-phupham\game3015_assignment2_phupham\x64\debug\d3dutil.obj
d:\t163 - game programming\engine dev 2\game3015-a2-phupham\game3015_assignment2_phupham\x64\debug\ddstextureloader.obj
d:\t163 - game programming\engine dev 2\game3015-a2-phupham\game3015_assignment2_phupham\x64\debug\entity.obj
d:\t163 - game programming\engine dev 2\game3015-a2-phupham\game3015_assignment2_phupham\x64\debug\frameresource.obj
d:\t163 - game programming\engine dev 2\game3015-a2-phupham\game3015_assignment2_phupham\x64\debug\game.obj
d:\t163 - game programming\engine dev 2\game3015-a2-phupham\game3015_assignment2_phupham\x64\debug\gameinfo.obj
d:\t163 - game programming\engine dev 2\game3015-a2-phupham\game3015_assignment2_phupham\x64\debug\gametimer.obj
d:\t163 - game programming\engine dev 2\game3015-a2-phupham\game3015_assignment2_phupham\x64\debug\geometrygenerator.obj
d:\t163 - game programming\engine dev 2\game3015-a2-phupham\game3015_assignment2_phupham\x64\debug\mathhelper.obj
d:\t163 - game programming\engine dev 2\game3015-a2-phupham\game3015_assignment2_phupham\x64\debug\player.obj
d:\t163 - game programming\engine dev 2\game3015-a2-phupham\game3015_assignment2_phupham\x64\debug\scenenode.obj
d:\t163 - game programming\engine dev 2\game3015-a2-phupham\game3015_assignment2_phupham\x64\debug\scrollingground.obj
d:\t163 - game programming\engine dev 2\game3015-a2-phupham\game3015_assignment2_phupham\x64\debug\world.obj
d:\t163 - game programming\engine dev 2\game3015-a2-phupham\game3015_assignment2_phupham\x64\debug\game3015_assignment2_phupham.ilk
d:\t163 - game programming\engine dev 2\game3015-a2-phupham\game3015_assignment2_phupham\x64\debug\vc142.idb
d:\t163 - game programming\engine dev 2\game3015-a2-phupham\game3015_assignment2_phupham\x64\debug\vc142.pdb
d:\t163 - game programming\engine dev 2\game3015-a2-phupham\x64\debug\game3015_assignment2_phupham.pdb
d:\t163 - game programming\engine dev 2\game3015-a2-phupham\x64\debug\game3015_assignment2_phupham.exe
d:\t163 - game programming\engine dev 2\game3015-a2-phupham\game3015_assignment2_phupham\x64\debug\game3015.5287d5b7.tlog\cl.command.1.tlog
d:\t163 - game programming\engine dev 2\game3015-a2-phupham\game3015_assignment2_phupham\x64\debug\game3015.5287d5b7.tlog\cl.read.1.tlog
d:\t163 - game programming\engine dev 2\game3015-a2-phupham\game3015_assignment2_phupham\x64\debug\game3015.5287d5b7.tlog\cl.write.1.tlog
d:\t163 - game programming\engine dev 2\game3015-a2-phupham\game3015_assignment2_phupham\x64\debug\game3015.5287d5b7.tlog\fxc.command.1.tlog
d:\t163 - game programming\engine dev 2\game3015-a2-phupham\game3015_assignment2_phupham\x64\debug\game3015.5287d5b7.tlog\fxc.read.1.tlog
d:\t163 - game programming\engine dev 2\game3015-a2-phupham\game3015_assignment2_phupham\x64\debug\game3015.5287d5b7.tlog\fxc.write.1.tlog
d:\t163 - game programming\engine dev 2\game3015-a2-phupham\game3015_assignment2_phupham\x64\debug\game3015.5287d5b7.tlog\link.command.1.tlog
d:\t163 - game programming\engine dev 2\game3015-a2-phupham\game3015_assignment2_phupham\x64\debug\game3015.5287d5b7.tlog\link.read.1.tlog
d:\t163 - game programming\engine dev 2\game3015-a2-phupham\game3015_assignment2_phupham\x64\debug\game3015.5287d5b7.tlog\link.write.1.tlog
